Using pre-set license
Built from '2021.3/staging' branch; Version is '2021.3.19f1 (c9714fde33b6) revision 13201743'; Using compiler version '192829333'; Build Type 'Release'
OS: 'Windows 10  (10.0.19045) 64bit Core' Language: 'en' Physical Memory: 16318 MB
BatchMode: 1, IsHumanControllingUs: 0, StartBugReporterOnCrash: 0, Is64bit: 1, IsPro: 1

COMMAND LINE ARGUMENTS:
C:\Program Files\Unity\Hub\Editor\2021.3.19f1\Editor\Unity.exe
-adb2
-batchMode
-noUpm
-name
AssetImportWorker18
-projectPath
C:/Users/mjpg7/OneDrive/Documents/GitHub/CellCraft/CellCraft-Unity
-logFile
Logs/AssetImportWorker18.log
-srvPort
65132
Successfully changed project path to: C:/Users/mjpg7/OneDrive/Documents/GitHub/CellCraft/CellCraft-Unity
C:/Users/mjpg7/OneDrive/Documents/GitHub/CellCraft/CellCraft-Unity
[UnityMemory] Configuration Parameters - Can be set up in boot.config
    "memorysetup-bucket-allocator-granularity=16"
    "memorysetup-bucket-allocator-bucket-count=8"
    "memorysetup-bucket-allocator-block-size=33554432"
    "memorysetup-bucket-allocator-block-count=8"
    "memorysetup-main-allocator-block-size=16777216"
    "memorysetup-thread-allocator-block-size=16777216"
    "memorysetup-gfx-main-allocator-block-size=16777216"
    "memorysetup-gfx-thread-allocator-block-size=16777216"
    "memorysetup-cache-allocator-block-size=4194304"
    "memorysetup-typetree-allocator-block-size=2097152"
    "memorysetup-profiler-bucket-allocator-granularity=16"
    "memorysetup-profiler-bucket-allocator-bucket-count=8"
    "memorysetup-profiler-bucket-allocator-block-size=33554432"
    "memorysetup-profiler-bucket-allocator-block-count=8"
    "memorysetup-profiler-allocator-block-size=16777216"
    "memorysetup-profiler-editor-allocator-block-size=1048576"
    "memorysetup-temp-allocator-size-main=16777216"
    "memorysetup-job-temp-allocator-block-size=2097152"
    "memorysetup-job-temp-allocator-block-size-background=1048576"
    "memorysetup-job-temp-allocator-reduction-small-platforms=262144"
    "memorysetup-temp-allocator-size-background-worker=32768"
    "memorysetup-temp-allocator-size-job-worker=262144"
    "memorysetup-temp-allocator-size-preload-manager=33554432"
    "memorysetup-temp-allocator-size-nav-mesh-worker=65536"
    "memorysetup-temp-allocator-size-audio-worker=65536"
    "memorysetup-temp-allocator-size-cloud-worker=32768"
    "memorysetup-temp-allocator-size-gi-baking-worker=262144"
    "memorysetup-temp-allocator-size-gfx=262144"
Player connection [61728] Host "[IP] 192.168.1.5 [Port] 0 [Flags] 2 [Guid] 2391514476 [EditorId] 2391514476 [Version] 1048832 [Id] WindowsEditor(7,DESKTOP-E03EROM) [Debug] 1 [PackageName] WindowsEditor [ProjectName] Editor" joined multi-casting on [225.0.0.222:54997]...

Player connection [61728] Host "[IP] 192.168.1.5 [Port] 0 [Flags] 2 [Guid] 2391514476 [EditorId] 2391514476 [Version] 1048832 [Id] WindowsEditor(7,DESKTOP-E03EROM) [Debug] 1 [PackageName] WindowsEditor [ProjectName] Editor" joined alternative multi-casting on [225.0.0.222:34997]...

Refreshing native plugins compatible for Editor in 82.17 ms, found 4 plugins.
Preloading 0 native plugins for Editor in 0.00 ms.
Initialize engine version: 2021.3.19f1 (c9714fde33b6)
[Subsystems] Discovering subsystems at path C:/Program Files/Unity/Hub/Editor/2021.3.19f1/Editor/Data/Resources/UnitySubsystems
[Subsystems] Discovering subsystems at path C:/Users/mjpg7/OneDrive/Documents/GitHub/CellCraft/CellCraft-Unity/Assets
GfxDevice: creating device client; threaded=0; jobified=0
Direct3D:
    Version:  Direct3D 11.0 [level 11.1]
    Renderer: NVIDIA GeForce GTX 1050 (ID=0x1c81)
    Vendor:   NVIDIA
    VRAM:     1977 MB
    Driver:   31.0.15.2225
Initialize mono
Mono path[0] = 'C:/Program Files/Unity/Hub/Editor/2021.3.19f1/Editor/Data/Managed'
Mono path[1] = 'C:/Program Files/Unity/Hub/Editor/2021.3.19f1/Editor/Data/MonoBleedingEdge/lib/mono/unityjit-win32'
Mono config path = 'C:/Program Files/Unity/Hub/Editor/2021.3.19f1/Editor/Data/MonoBleedingEdge/etc'
Using monoOptions --debugger-agent=transport=dt_socket,embedding=1,server=y,suspend=n,address=127.0.0.1:56932
Begin MonoManager ReloadAssembly
Registering precompiled unity dll's ...
Register platform support module: C:/Program Files/Unity/Hub/Editor/2021.3.19f1/Editor/Data/PlaybackEngines/WebGLSupport/UnityEditor.WebGL.Extensions.dll
Register platform support module: C:/Program Files/Unity/Hub/Editor/2021.3.19f1/Editor/Data/PlaybackEngines/AndroidPlayer/UnityEditor.Android.Extensions.dll
Register platform support module: C:/Program Files/Unity/Hub/Editor/2021.3.19f1/Editor/Data/PlaybackEngines/WindowsStandaloneSupport/UnityEditor.WindowsStandalone.Extensions.dll
Registered in 0.024125 seconds.
Native extension for WindowsStandalone target not found
Native extension for Android target not found
Android Extension - Scanning For ADB Devices 676 ms
Native extension for WebGL target not found
Refreshing native plugins compatible for Editor in 82.54 ms, found 4 plugins.
Preloading 0 native plugins for Editor in 0.00 ms.
Mono: successfully reloaded assembly
- Completed reload, in  1.868 seconds
Domain Reload Profiling:
	ReloadAssembly (1869ms)
		BeginReloadAssembly (171ms)
			ExecutionOrderSort (0ms)
			DisableScriptedObjects (0ms)
			BackupInstance (0ms)
			ReleaseScriptingObjects (0ms)
			CreateAndSetChildDomain (2ms)
		EndReloadAssembly (1484ms)
			LoadAssemblies (165ms)
			RebuildTransferFunctionScriptingTraits (0ms)
			SetupTypeCache (192ms)
			ReleaseScriptCaches (0ms)
			RebuildScriptCaches (54ms)
			SetupLoadedEditorAssemblies (1141ms)
				LogAssemblyErrors (0ms)
				InitializePlatformSupportModulesInManaged (833ms)
				SetLoadedEditorAssemblies (0ms)
				RefreshPlugins (83ms)
				BeforeProcessingInitializeOnLoad (2ms)
				ProcessInitializeOnLoadAttributes (156ms)
				ProcessInitializeOnLoadMethodAttributes (66ms)
				AfterProcessingInitializeOnLoad (0ms)
				EditorAssembliesLoaded (0ms)
			ExecutionOrderSort2 (0ms)
			AwakeInstancesAfterBackupRestoration (0ms)
Platform modules already initialized, skipping
Registering precompiled user dll's ...
Registered in 0.024588 seconds.
Begin MonoManager ReloadAssembly
Native extension for WindowsStandalone target not found
Native extension for Android target not found
Native extension for WebGL target not found
Refreshing native plugins compatible for Editor in 71.17 ms, found 4 plugins.
Preloading 0 native plugins for Editor in 0.00 ms.
Mono: successfully reloaded assembly
- Completed reload, in  4.080 seconds
Domain Reload Profiling:
	ReloadAssembly (4082ms)
		BeginReloadAssembly (244ms)
			ExecutionOrderSort (0ms)
			DisableScriptedObjects (9ms)
			BackupInstance (0ms)
			ReleaseScriptingObjects (0ms)
			CreateAndSetChildDomain (41ms)
		EndReloadAssembly (3471ms)
			LoadAssemblies (1362ms)
			RebuildTransferFunctionScriptingTraits (0ms)
			SetupTypeCache (992ms)
			ReleaseScriptCaches (1ms)
			RebuildScriptCaches (103ms)
			SetupLoadedEditorAssemblies (948ms)
				LogAssemblyErrors (0ms)
				InitializePlatformSupportModulesInManaged (40ms)
				SetLoadedEditorAssemblies (0ms)
				RefreshPlugins (71ms)
				BeforeProcessingInitializeOnLoad (139ms)
				ProcessInitializeOnLoadAttributes (534ms)
				ProcessInitializeOnLoadMethodAttributes (136ms)
				AfterProcessingInitializeOnLoad (26ms)
				EditorAssembliesLoaded (0ms)
			ExecutionOrderSort2 (0ms)
			AwakeInstancesAfterBackupRestoration (12ms)
Platform modules already initialized, skipping
========================================================================
Worker process is ready to serve import requests
Launched and connected shader compiler UnityShaderCompiler.exe after 1.58 seconds
Refreshing native plugins compatible for Editor in 1.27 ms, found 4 plugins.
Preloading 0 native plugins for Editor in 0.00 ms.
Unloading 2212 Unused Serialized files (Serialized files now loaded: 0)
Unloading 29 unused Assets / (30.3 KB). Loaded Objects now: 2725.
Memory consumption went from 202.2 MB to 202.2 MB.
Total: 4.458900 ms (FindLiveObjects: 0.344200 ms CreateObjectMapping: 0.083800 ms MarkObjects: 3.980500 ms  DeleteObjects: 0.048700 ms)

AssetImportParameters requested are different than current active one (requested -> active):
  custom:video-decoder-ogg-theora: a1e56fd34408186e4bbccfd4996cb3dc -> 
  custom:container-muxer-webm: aa71ff27fc2769a1b78a27578f13a17b -> 
  custom:container-demuxer-webm: 4f35f7cbe854078d1ac9338744f61a02 -> 
  custom:video-encoder-webm-vp8: eb34c28f22e8b96e1ab97ce403110664 -> 
  custom:video-codec-MediaFoundation-h265: 746d11721c4dcdbdad8f713fa42b33f4 -> 
  custom:audio-encoder-webm-vorbis: bf7c407c2cedff20999df2af8eb42d56 -> 
  custom:framework-win-MediaFoundation: 216162199b28c13a410421893ffa2e32 -> 
  custom:container-demuxer-ogg: 62fdf1f143b41e24485cea50d1cbac27 -> 
  custom:video-decoder-webm-vp8: 9c59270c3fd7afecdb556c50c9e8de78 -> 
  custom:audio-decoder-ogg-vorbis: bf7c407c2cedff20999df2af8eb42d56 -> 
========================================================================
Received Import Request.
  Time since last request: 596260.349896 seconds.
  path: Assets/CellObjects/Nucleus/nucleus_dying0032.png
  artifactKey: Guid(c78415aa046c7e24bb109ec10396fa57) Importer(815301076,1909f56bfc062723c751e8b465ee728b)
Start importing Assets/CellObjects/Nucleus/nucleus_dying0032.png using Guid(c78415aa046c7e24bb109ec10396fa57) Importer(815301076,1909f56bfc062723c751e8b465ee728b)  -> (artifact id: '8fd83470f832f5ce847790a5c652d5f9') in 3.424817 seconds 
========================================================================
Received Import Request.
  Time since last request: 0.027472 seconds.
  path: Assets/CellObjects/Nucleus/nucleus_dying0039.png
  artifactKey: Guid(f3c6f42d68d07f2418a04d353b7589c5) Importer(815301076,1909f56bfc062723c751e8b465ee728b)
Start importing Assets/CellObjects/Nucleus/nucleus_dying0039.png using Guid(f3c6f42d68d07f2418a04d353b7589c5) Importer(815301076,1909f56bfc062723c751e8b465ee728b)  -> (artifact id: 'eb2268601b75dee368b7e5ea4bef00c1') in 0.274748 seconds 
========================================================================
Received Import Request.
  Time since last request: 0.000040 seconds.
  path: Assets/CellObjects/Nucleus/nucleus_dying0047.png
  artifactKey: Guid(a3689c7ee9a71594795e21ec4049bf82) Importer(815301076,1909f56bfc062723c751e8b465ee728b)
Start importing Assets/CellObjects/Nucleus/nucleus_dying0047.png using Guid(a3689c7ee9a71594795e21ec4049bf82) Importer(815301076,1909f56bfc062723c751e8b465ee728b)  -> (artifact id: '8df5cc8ea707c1ebf0b7cbd6e85fd66d') in 0.322593 seconds 
========================================================================
Received Import Request.
  Time since last request: 0.000033 seconds.
  path: Assets/CellObjects/Nucleus/nucleus_dying0034.png
  artifactKey: Guid(36a45b6b24cfc754893299b3e09e76de) Importer(815301076,1909f56bfc062723c751e8b465ee728b)
Start importing Assets/CellObjects/Nucleus/nucleus_dying0034.png using Guid(36a45b6b24cfc754893299b3e09e76de) Importer(815301076,1909f56bfc062723c751e8b465ee728b)  -> (artifact id: 'dfc33596f6eed4c2a586ace5f11c796c') in 0.324537 seconds 
========================================================================
Received Import Request.
  Time since last request: 0.000032 seconds.
  path: Assets/CellObjects/Nucleus/nucleus_dying0037.png
  artifactKey: Guid(0b42ceaa64f0a5944946204adfb79810) Importer(815301076,1909f56bfc062723c751e8b465ee728b)
Start importing Assets/CellObjects/Nucleus/nucleus_dying0037.png using Guid(0b42ceaa64f0a5944946204adfb79810) Importer(815301076,1909f56bfc062723c751e8b465ee728b)  -> (artifact id: 'c5e3a1b201d9fd4fa069f440567d1413') in 0.506495 seconds 
========================================================================
Received Import Request.
  Time since last request: 0.000041 seconds.
  path: Assets/CellObjects/Nucleus/nucleus_normal.png
  artifactKey: Guid(5f54ea8bf35d4894688d7bcc4d1dba0d) Importer(815301076,1909f56bfc062723c751e8b465ee728b)
Start importing Assets/CellObjects/Nucleus/nucleus_normal.png using Guid(5f54ea8bf35d4894688d7bcc4d1dba0d) Importer(815301076,1909f56bfc062723c751e8b465ee728b)  -> (artifact id: '2a567854723c2c04686f2255db5573ca') in 0.761495 seconds 
========================================================================
Received Import Request.
  Time since last request: 0.000027 seconds.
  path: Assets/CellObjects/Nucleus/nucleus_dying0046.png
  artifactKey: Guid(4623964c9b165864a8b09181848b4617) Importer(815301076,1909f56bfc062723c751e8b465ee728b)
Start importing Assets/CellObjects/Nucleus/nucleus_dying0046.png using Guid(4623964c9b165864a8b09181848b4617) Importer(815301076,1909f56bfc062723c751e8b465ee728b)  -> (artifact id: '65f844ab520bca26812b8bee0b109132') in 0.520167 seconds 
========================================================================
Received Import Request.
  Time since last request: 0.000064 seconds.
  path: Assets/CellObjects/Nucleus/nucleus_dying0048.png
  artifactKey: Guid(28ae470d922378248a7a46307536b199) Importer(815301076,1909f56bfc062723c751e8b465ee728b)
Start importing Assets/CellObjects/Nucleus/nucleus_dying0048.png using Guid(28ae470d922378248a7a46307536b199) Importer(815301076,1909f56bfc062723c751e8b465ee728b)  -> (artifact id: '5d4f4d14cccc594a114cbbf53f3da8ab') in 0.420606 seconds 
========================================================================
Received Import Request.
  Time since last request: 0.000040 seconds.
  path: Assets/CellObjects/Nucleus/nucleus_dying0042.png
  artifactKey: Guid(df11fab0a2111b640b756d1fceb0abd5) Importer(815301076,1909f56bfc062723c751e8b465ee728b)
Start importing Assets/CellObjects/Nucleus/nucleus_dying0042.png using Guid(df11fab0a2111b640b756d1fceb0abd5) Importer(815301076,1909f56bfc062723c751e8b465ee728b)  -> (artifact id: 'b61f4ed0cde38181455ba17ab36099a1') in 0.339350 seconds 
