Using pre-set license
Built from '2021.3/staging' branch; Version is '2021.3.19f1 (c9714fde33b6) revision 13201743'; Using compiler version '192829333'; Build Type 'Release'
OS: 'Windows 10  (10.0.19045) 64bit Core' Language: 'en' Physical Memory: 16318 MB
BatchMode: 1, IsHumanControllingUs: 0, StartBugReporterOnCrash: 0, Is64bit: 1, IsPro: 1

COMMAND LINE ARGUMENTS:
C:\Program Files\Unity\Hub\Editor\2021.3.19f1\Editor\Unity.exe
-adb2
-batchMode
-noUpm
-name
AssetImportWorker5
-projectPath
C:/Users/mjpg7/OneDrive/Documents/GitHub/CellCraft/CellCraft-Unity
-logFile
Logs/AssetImportWorker5.log
-srvPort
51894
Successfully changed project path to: C:/Users/mjpg7/OneDrive/Documents/GitHub/CellCraft/CellCraft-Unity
C:/Users/mjpg7/OneDrive/Documents/GitHub/CellCraft/CellCraft-Unity
[UnityMemory] Configuration Parameters - Can be set up in boot.config
    "memorysetup-bucket-allocator-granularity=16"
    "memorysetup-bucket-allocator-bucket-count=8"
    "memorysetup-bucket-allocator-block-size=33554432"
    "memorysetup-bucket-allocator-block-count=8"
    "memorysetup-main-allocator-block-size=16777216"
    "memorysetup-thread-allocator-block-size=16777216"
    "memorysetup-gfx-main-allocator-block-size=16777216"
    "memorysetup-gfx-thread-allocator-block-size=16777216"
    "memorysetup-cache-allocator-block-size=4194304"
    "memorysetup-typetree-allocator-block-size=2097152"
    "memorysetup-profiler-bucket-allocator-granularity=16"
    "memorysetup-profiler-bucket-allocator-bucket-count=8"
    "memorysetup-profiler-bucket-allocator-block-size=33554432"
    "memorysetup-profiler-bucket-allocator-block-count=8"
    "memorysetup-profiler-allocator-block-size=16777216"
    "memorysetup-profiler-editor-allocator-block-size=1048576"
    "memorysetup-temp-allocator-size-main=16777216"
    "memorysetup-job-temp-allocator-block-size=2097152"
    "memorysetup-job-temp-allocator-block-size-background=1048576"
    "memorysetup-job-temp-allocator-reduction-small-platforms=262144"
    "memorysetup-temp-allocator-size-background-worker=32768"
    "memorysetup-temp-allocator-size-job-worker=262144"
    "memorysetup-temp-allocator-size-preload-manager=33554432"
    "memorysetup-temp-allocator-size-nav-mesh-worker=65536"
    "memorysetup-temp-allocator-size-audio-worker=65536"
    "memorysetup-temp-allocator-size-cloud-worker=32768"
    "memorysetup-temp-allocator-size-gi-baking-worker=262144"
    "memorysetup-temp-allocator-size-gfx=262144"
Player connection [6572] Host "[IP] 192.168.1.20 [Port] 0 [Flags] 2 [Guid] 611214662 [EditorId] 611214662 [Version] 1048832 [Id] WindowsEditor(7,DESKTOP-E03EROM) [Debug] 1 [PackageName] WindowsEditor [ProjectName] Editor" joined multi-casting on [225.0.0.222:54997]...

Player connection [6572] Host "[IP] 192.168.1.20 [Port] 0 [Flags] 2 [Guid] 611214662 [EditorId] 611214662 [Version] 1048832 [Id] WindowsEditor(7,DESKTOP-E03EROM) [Debug] 1 [PackageName] WindowsEditor [ProjectName] Editor" joined alternative multi-casting on [225.0.0.222:34997]...

Refreshing native plugins compatible for Editor in 98.91 ms, found 4 plugins.
Preloading 0 native plugins for Editor in 0.00 ms.
Initialize engine version: 2021.3.19f1 (c9714fde33b6)
[Subsystems] Discovering subsystems at path C:/Program Files/Unity/Hub/Editor/2021.3.19f1/Editor/Data/Resources/UnitySubsystems
[Subsystems] Discovering subsystems at path C:/Users/mjpg7/OneDrive/Documents/GitHub/CellCraft/CellCraft-Unity/Assets
GfxDevice: creating device client; threaded=0; jobified=0
Direct3D:
    Version:  Direct3D 11.0 [level 11.1]
    Renderer: NVIDIA GeForce GTX 1050 (ID=0x1c81)
    Vendor:   NVIDIA
    VRAM:     1977 MB
    Driver:   31.0.15.2225
Initialize mono
Mono path[0] = 'C:/Program Files/Unity/Hub/Editor/2021.3.19f1/Editor/Data/Managed'
Mono path[1] = 'C:/Program Files/Unity/Hub/Editor/2021.3.19f1/Editor/Data/MonoBleedingEdge/lib/mono/unityjit-win32'
Mono config path = 'C:/Program Files/Unity/Hub/Editor/2021.3.19f1/Editor/Data/MonoBleedingEdge/etc'
Using monoOptions --debugger-agent=transport=dt_socket,embedding=1,server=y,suspend=n,address=127.0.0.1:56968
Begin MonoManager ReloadAssembly
Registering precompiled unity dll's ...
Register platform support module: C:/Program Files/Unity/Hub/Editor/2021.3.19f1/Editor/Data/PlaybackEngines/WebGLSupport/UnityEditor.WebGL.Extensions.dll
Register platform support module: C:/Program Files/Unity/Hub/Editor/2021.3.19f1/Editor/Data/PlaybackEngines/AndroidPlayer/UnityEditor.Android.Extensions.dll
Register platform support module: C:/Program Files/Unity/Hub/Editor/2021.3.19f1/Editor/Data/PlaybackEngines/WindowsStandaloneSupport/UnityEditor.WindowsStandalone.Extensions.dll
Registered in 0.022696 seconds.
Native extension for WindowsStandalone target not found
Native extension for Android target not found
Android Extension - Scanning For ADB Devices 896 ms
Native extension for WebGL target not found
Refreshing native plugins compatible for Editor in 81.24 ms, found 4 plugins.
Preloading 0 native plugins for Editor in 0.00 ms.
Mono: successfully reloaded assembly
- Completed reload, in  2.056 seconds
Domain Reload Profiling:
	ReloadAssembly (2058ms)
		BeginReloadAssembly (152ms)
			ExecutionOrderSort (0ms)
			DisableScriptedObjects (0ms)
			BackupInstance (0ms)
			ReleaseScriptingObjects (0ms)
			CreateAndSetChildDomain (1ms)
		EndReloadAssembly (1702ms)
			LoadAssemblies (147ms)
			RebuildTransferFunctionScriptingTraits (0ms)
			SetupTypeCache (195ms)
			ReleaseScriptCaches (0ms)
			RebuildScriptCaches (47ms)
			SetupLoadedEditorAssemblies (1363ms)
				LogAssemblyErrors (0ms)
				InitializePlatformSupportModulesInManaged (1027ms)
				SetLoadedEditorAssemblies (0ms)
				RefreshPlugins (81ms)
				BeforeProcessingInitializeOnLoad (3ms)
				ProcessInitializeOnLoadAttributes (157ms)
				ProcessInitializeOnLoadMethodAttributes (94ms)
				AfterProcessingInitializeOnLoad (0ms)
				EditorAssembliesLoaded (0ms)
			ExecutionOrderSort2 (0ms)
			AwakeInstancesAfterBackupRestoration (0ms)
Platform modules already initialized, skipping
Registering precompiled user dll's ...
Registered in 0.025376 seconds.
Begin MonoManager ReloadAssembly
Native extension for WindowsStandalone target not found
Native extension for Android target not found
Native extension for WebGL target not found
Refreshing native plugins compatible for Editor in 70.19 ms, found 4 plugins.
Preloading 0 native plugins for Editor in 0.00 ms.
Mono: successfully reloaded assembly
- Completed reload, in  1.870 seconds
Domain Reload Profiling:
	ReloadAssembly (1872ms)
		BeginReloadAssembly (221ms)
			ExecutionOrderSort (0ms)
			DisableScriptedObjects (11ms)
			BackupInstance (0ms)
			ReleaseScriptingObjects (0ms)
			CreateAndSetChildDomain (35ms)
		EndReloadAssembly (1415ms)
			LoadAssemblies (187ms)
			RebuildTransferFunctionScriptingTraits (0ms)
			SetupTypeCache (368ms)
			ReleaseScriptCaches (1ms)
			RebuildScriptCaches (97ms)
			SetupLoadedEditorAssemblies (652ms)
				LogAssemblyErrors (0ms)
				InitializePlatformSupportModulesInManaged (38ms)
				SetLoadedEditorAssemblies (1ms)
				RefreshPlugins (71ms)
				BeforeProcessingInitializeOnLoad (132ms)
				ProcessInitializeOnLoadAttributes (340ms)
				ProcessInitializeOnLoadMethodAttributes (47ms)
				AfterProcessingInitializeOnLoad (23ms)
				EditorAssembliesLoaded (0ms)
			ExecutionOrderSort2 (0ms)
			AwakeInstancesAfterBackupRestoration (11ms)
Platform modules already initialized, skipping
========================================================================
Worker process is ready to serve import requests
Launched and connected shader compiler UnityShaderCompiler.exe after 0.13 seconds
Refreshing native plugins compatible for Editor in 1.22 ms, found 4 plugins.
Preloading 0 native plugins for Editor in 0.00 ms.
Unloading 2212 Unused Serialized files (Serialized files now loaded: 0)
Unloading 29 unused Assets / (30.3 KB). Loaded Objects now: 2725.
Memory consumption went from 202.1 MB to 202.0 MB.
Total: 5.291700 ms (FindLiveObjects: 0.305200 ms CreateObjectMapping: 0.450000 ms MarkObjects: 4.481100 ms  DeleteObjects: 0.053500 ms)

AssetImportParameters requested are different than current active one (requested -> active):
  custom:video-decoder-ogg-theora: a1e56fd34408186e4bbccfd4996cb3dc -> 
  custom:container-muxer-webm: aa71ff27fc2769a1b78a27578f13a17b -> 
  custom:container-demuxer-webm: 4f35f7cbe854078d1ac9338744f61a02 -> 
  custom:video-encoder-webm-vp8: eb34c28f22e8b96e1ab97ce403110664 -> 
  custom:video-codec-MediaFoundation-h265: 746d11721c4dcdbdad8f713fa42b33f4 -> 
  custom:audio-encoder-webm-vorbis: bf7c407c2cedff20999df2af8eb42d56 -> 
  custom:framework-win-MediaFoundation: 216162199b28c13a410421893ffa2e32 -> 
  custom:container-demuxer-ogg: 62fdf1f143b41e24485cea50d1cbac27 -> 
  custom:video-decoder-webm-vp8: 9c59270c3fd7afecdb556c50c9e8de78 -> 
  custom:audio-decoder-ogg-vorbis: bf7c407c2cedff20999df2af8eb42d56 -> 
========================================================================
Received Import Request.
  Time since last request: 332083.746549 seconds.
  path: Assets/Tutorial/rest/discover_slicer.png
  artifactKey: Guid(a69c1c22c96f545469e85e212c7e1389) Importer(815301076,1909f56bfc062723c751e8b465ee728b)
Start importing Assets/Tutorial/rest/discover_slicer.png using Guid(a69c1c22c96f545469e85e212c7e1389) Importer(815301076,1909f56bfc062723c751e8b465ee728b)  -> (artifact id: 'b6cf31ebd52fd30a4d521d8a861a81ac') in 0.844026 seconds 
========================================================================
Received Import Request.
  Time since last request: 0.021879 seconds.
  path: Assets/Tutorial/rest/howto_slicer_4.png
  artifactKey: Guid(82e5f54719a7e0b4f94511727d04fea6) Importer(815301076,1909f56bfc062723c751e8b465ee728b)
Start importing Assets/Tutorial/rest/howto_slicer_4.png using Guid(82e5f54719a7e0b4f94511727d04fea6) Importer(815301076,1909f56bfc062723c751e8b465ee728b)  -> (artifact id: 'ec076e1d02bd51f2a2293578d5d4aa0e') in 0.281810 seconds 
========================================================================
Received Import Request.
  Time since last request: 0.000042 seconds.
  path: Assets/Tutorial/rest/howto_slicer_1.png
  artifactKey: Guid(275a000b6f57e154a87a5dc4ccf31018) Importer(815301076,1909f56bfc062723c751e8b465ee728b)
Start importing Assets/Tutorial/rest/howto_slicer_1.png using Guid(275a000b6f57e154a87a5dc4ccf31018) Importer(815301076,1909f56bfc062723c751e8b465ee728b)  -> (artifact id: '89d1bc55cc1bbb2552f6bb6f60d9de21') in 0.141608 seconds 
========================================================================
Received Import Request.
  Time since last request: 0.000033 seconds.
  path: Assets/CellObjects/SlicerEnzyme/slicer_die.png
  artifactKey: Guid(1e1de2c698a35be4f9e1b249d2648d93) Importer(815301076,1909f56bfc062723c751e8b465ee728b)
Start importing Assets/CellObjects/SlicerEnzyme/slicer_die.png using Guid(1e1de2c698a35be4f9e1b249d2648d93) Importer(815301076,1909f56bfc062723c751e8b465ee728b)  -> (artifact id: '65319520f7100ec2160f3c06c0e25445') in 0.344886 seconds 
========================================================================
Received Import Request.
  Time since last request: 0.000061 seconds.
  path: Assets/Tutorial/rest/virus_recycle_slicer.png
  artifactKey: Guid(5bbcd44f4680a104cb2c8660ffad2b9b) Importer(815301076,1909f56bfc062723c751e8b465ee728b)
Start importing Assets/Tutorial/rest/virus_recycle_slicer.png using Guid(5bbcd44f4680a104cb2c8660ffad2b9b) Importer(815301076,1909f56bfc062723c751e8b465ee728b)  -> (artifact id: 'b578a02b39801d35395bdde04e751182') in 0.133496 seconds 
========================================================================
Received Prepare
Registering precompiled user dll's ...
Registered in 0.017394 seconds.
Begin MonoManager ReloadAssembly
Native extension for WindowsStandalone target not found
Native extension for Android target not found
Native extension for WebGL target not found
Refreshing native plugins compatible for Editor in 1.82 ms, found 4 plugins.
Preloading 0 native plugins for Editor in 0.00 ms.
Mono: successfully reloaded assembly
- Completed reload, in  1.839 seconds
Domain Reload Profiling:
	ReloadAssembly (1840ms)
		BeginReloadAssembly (255ms)
			ExecutionOrderSort (0ms)
			DisableScriptedObjects (13ms)
			BackupInstance (0ms)
			ReleaseScriptingObjects (0ms)
			CreateAndSetChildDomain (60ms)
		EndReloadAssembly (1393ms)
			LoadAssemblies (195ms)
			RebuildTransferFunctionScriptingTraits (0ms)
			SetupTypeCache (339ms)
			ReleaseScriptCaches (2ms)
			RebuildScriptCaches (129ms)
			SetupLoadedEditorAssemblies (624ms)
				LogAssemblyErrors (0ms)
				InitializePlatformSupportModulesInManaged (50ms)
				SetLoadedEditorAssemblies (1ms)
				RefreshPlugins (2ms)
				BeforeProcessingInitializeOnLoad (142ms)
				ProcessInitializeOnLoadAttributes (348ms)
				ProcessInitializeOnLoadMethodAttributes (51ms)
				AfterProcessingInitializeOnLoad (29ms)
				EditorAssembliesLoaded (1ms)
			ExecutionOrderSort2 (0ms)
			AwakeInstancesAfterBackupRestoration (16ms)
Platform modules already initialized, skipping
Refreshing native plugins compatible for Editor in 7.23 ms, found 4 plugins.
Preloading 0 native plugins for Editor in 0.00 ms.
Unloading 2177 Unused Serialized files (Serialized files now loaded: 0)
Unloading 19 unused Assets / (31.9 KB). Loaded Objects now: 2745.
Memory consumption went from 202.2 MB to 202.1 MB.
Total: 6.148400 ms (FindLiveObjects: 0.394200 ms CreateObjectMapping: 0.129400 ms MarkObjects: 5.570100 ms  DeleteObjects: 0.051000 ms)

AssetImportParameters requested are different than current active one (requested -> active):
  custom:video-decoder-ogg-theora: a1e56fd34408186e4bbccfd4996cb3dc -> 
  custom:container-muxer-webm: aa71ff27fc2769a1b78a27578f13a17b -> 
  custom:container-demuxer-webm: 4f35f7cbe854078d1ac9338744f61a02 -> 
  custom:video-encoder-webm-vp8: eb34c28f22e8b96e1ab97ce403110664 -> 
  custom:video-codec-MediaFoundation-h265: 746d11721c4dcdbdad8f713fa42b33f4 -> 
  custom:audio-encoder-webm-vorbis: bf7c407c2cedff20999df2af8eb42d56 -> 
  custom:framework-win-MediaFoundation: 216162199b28c13a410421893ffa2e32 -> 
  custom:container-demuxer-ogg: 62fdf1f143b41e24485cea50d1cbac27 -> 
  custom:video-decoder-webm-vp8: 9c59270c3fd7afecdb556c50c9e8de78 -> 
  custom:audio-decoder-ogg-vorbis: bf7c407c2cedff20999df2af8eb42d56 -> 
========================================================================
Received Import Request.
  Time since last request: 429.267989 seconds.
  path: Assets/CellObjects/RNA/MRNA/mrna_die.png
  artifactKey: Guid(1b817ee744e48e14d882794cdc06b79a) Importer(815301076,1909f56bfc062723c751e8b465ee728b)
Start importing Assets/CellObjects/RNA/MRNA/mrna_die.png using Guid(1b817ee744e48e14d882794cdc06b79a) Importer(815301076,1909f56bfc062723c751e8b465ee728b)  -> (artifact id: '7e48c703995799215b5602680053bb44') in 0.245422 seconds 
========================================================================
Received Import Request.
  Time since last request: 0.000074 seconds.
  path: Assets/CellObjects/RNA/MRNA/mrna_die_thread.png
  artifactKey: Guid(2695e31db41ba69418eff026ee28c5c6) Importer(815301076,1909f56bfc062723c751e8b465ee728b)
Start importing Assets/CellObjects/RNA/MRNA/mrna_die_thread.png using Guid(2695e31db41ba69418eff026ee28c5c6) Importer(815301076,1909f56bfc062723c751e8b465ee728b)  -> (artifact id: 'fb7cc44d3c35aa9c189d4cc2df007ef6') in 0.212020 seconds 
========================================================================
Received Import Request.
  Time since last request: 0.000048 seconds.
  path: Assets/CellObjects/RNA/MRNA/mrna_wiggle.png
  artifactKey: Guid(c108a815044bce54da70cd65587d1eef) Importer(815301076,1909f56bfc062723c751e8b465ee728b)
Start importing Assets/CellObjects/RNA/MRNA/mrna_wiggle.png using Guid(c108a815044bce54da70cd65587d1eef) Importer(815301076,1909f56bfc062723c751e8b465ee728b)  -> (artifact id: '0cd50807d0a02491a544dd62cbd2478f') in 0.117337 seconds 
========================================================================
Received Import Request.
  Time since last request: 20.566831 seconds.
  path: Assets/CellObjects/RNA/MRNA/mrna_thread.png
  artifactKey: Guid(744382a5ddb016044b42bcd202207b6f) Importer(815301076,1909f56bfc062723c751e8b465ee728b)
Start importing Assets/CellObjects/RNA/MRNA/mrna_thread.png using Guid(744382a5ddb016044b42bcd202207b6f) Importer(815301076,1909f56bfc062723c751e8b465ee728b)  -> (artifact id: 'b32ecf8fb0d3290e18b982c415cd2d11') in 0.172022 seconds 
========================================================================
Received Import Request.
  Time since last request: 0.000026 seconds.
  path: Assets/Tutorial/rest/newaction_buy_peroxisome.png
  artifactKey: Guid(77a19adfff142504f8b5df81ee6b1a8c) Importer(815301076,1909f56bfc062723c751e8b465ee728b)
Start importing Assets/Tutorial/rest/newaction_buy_peroxisome.png using Guid(77a19adfff142504f8b5df81ee6b1a8c) Importer(815301076,1909f56bfc062723c751e8b465ee728b)  -> (artifact id: '5733925a2e9ca38c294e0275db4dc3ea') in 0.241031 seconds 
========================================================================
Received Import Request.
  Time since last request: 0.000041 seconds.
  path: Assets/UI/newGlass-alt-6.png
  artifactKey: Guid(9a6c2618c9e55a846a8412099c102cfa) Importer(815301076,1909f56bfc062723c751e8b465ee728b)
Start importing Assets/UI/newGlass-alt-6.png using Guid(9a6c2618c9e55a846a8412099c102cfa) Importer(815301076,1909f56bfc062723c751e8b465ee728b)  -> (artifact id: '38d5750bb1da8f59d915762294064754') in 0.333132 seconds 
========================================================================
Received Import Request.
  Time since last request: 0.000028 seconds.
  path: Assets/Tutorial/rest/newaction_take_membrane.png
  artifactKey: Guid(3ac8918ee322ae34db2576357ee0e6a5) Importer(815301076,1909f56bfc062723c751e8b465ee728b)
Start importing Assets/Tutorial/rest/newaction_take_membrane.png using Guid(3ac8918ee322ae34db2576357ee0e6a5) Importer(815301076,1909f56bfc062723c751e8b465ee728b)  -> (artifact id: 'ddee7c18f502c8d236d09e2d4955dd2a') in 0.230393 seconds 
========================================================================
Received Import Request.
  Time since last request: 0.000035 seconds.
  path: Assets/UI/newGlass-alt-5.png
  artifactKey: Guid(64527b348a1c27a4da08e1700ca20355) Importer(815301076,1909f56bfc062723c751e8b465ee728b)
Start importing Assets/UI/newGlass-alt-5.png using Guid(64527b348a1c27a4da08e1700ca20355) Importer(815301076,1909f56bfc062723c751e8b465ee728b)  -> (artifact id: 'cd73d6367160ec589b0778a2cd31148c') in 0.225286 seconds 
========================================================================
Received Import Request.
  Time since last request: 0.000034 seconds.
  path: Assets/Tutorial/rest/newaction_mito_move.png
  artifactKey: Guid(d30381351c4c4c4478c7bee1134b8978) Importer(815301076,1909f56bfc062723c751e8b465ee728b)
Start importing Assets/Tutorial/rest/newaction_mito_move.png using Guid(d30381351c4c4c4478c7bee1134b8978) Importer(815301076,1909f56bfc062723c751e8b465ee728b)  -> (artifact id: 'a0a05d0054ac60d5e621c54230f4df43') in 0.155611 seconds 
========================================================================
Received Import Request.
  Time since last request: 0.000035 seconds.
  path: Assets/Tutorial/rest/newaction_mito_divide.png
  artifactKey: Guid(a8c932bc35d89a2488618447f0139a89) Importer(815301076,1909f56bfc062723c751e8b465ee728b)
Start importing Assets/Tutorial/rest/newaction_mito_divide.png using Guid(a8c932bc35d89a2488618447f0139a89) Importer(815301076,1909f56bfc062723c751e8b465ee728b)  -> (artifact id: '782795c4ffecbbbfc38ee1cab2a01aba') in 0.120004 seconds 
========================================================================
Received Import Request.
  Time since last request: 0.000052 seconds.
  path: Assets/Tutorial/rest/newaction_mito_recycle.png
  artifactKey: Guid(af3939812a3537f4c92e0a27a81605be) Importer(815301076,1909f56bfc062723c751e8b465ee728b)
Start importing Assets/Tutorial/rest/newaction_mito_recycle.png using Guid(af3939812a3537f4c92e0a27a81605be) Importer(815301076,1909f56bfc062723c751e8b465ee728b)  -> (artifact id: 'afa3f6c192b0de476fdf4f1bb8d92522') in 0.099817 seconds 
========================================================================
Received Import Request.
  Time since last request: 0.000052 seconds.
  path: Assets/Tutorial/rest/newaction_buy_defensin.png
  artifactKey: Guid(825a1b23f07910d47ae4fa9aa859e8a1) Importer(815301076,1909f56bfc062723c751e8b465ee728b)
Start importing Assets/Tutorial/rest/newaction_buy_defensin.png using Guid(825a1b23f07910d47ae4fa9aa859e8a1) Importer(815301076,1909f56bfc062723c751e8b465ee728b)  -> (artifact id: '1c71962c36ed97c5cca1787d5e0b52e5') in 0.139031 seconds 
========================================================================
Received Import Request.
  Time since last request: 0.000030 seconds.
  path: Assets/Tutorial/rest/newaction_enable_brown_fat.png
  artifactKey: Guid(768a23e5b4c725045acb4753da2c5f92) Importer(815301076,1909f56bfc062723c751e8b465ee728b)
Start importing Assets/Tutorial/rest/newaction_enable_brown_fat.png using Guid(768a23e5b4c725045acb4753da2c5f92) Importer(815301076,1909f56bfc062723c751e8b465ee728b)  -> (artifact id: '91a3efc5f9e174dcdab5219a3de89993') in 0.182937 seconds 
========================================================================
Received Import Request.
  Time since last request: 0.000034 seconds.
  path: Assets/UI/mc_messageBar_back0004.png
  artifactKey: Guid(a87ea6bbc168279489fc5b542391c83d) Importer(815301076,1909f56bfc062723c751e8b465ee728b)
Start importing Assets/UI/mc_messageBar_back0004.png using Guid(a87ea6bbc168279489fc5b542391c83d) Importer(815301076,1909f56bfc062723c751e8b465ee728b)  -> (artifact id: '63cff575f6ffc5f40b186d8c6975391c') in 0.193424 seconds 
========================================================================
Received Import Request.
  Time since last request: 0.000038 seconds.
  path: Assets/CellObjects/ER/er_damage20020.png
  artifactKey: Guid(635eae8d2d385534493f4c7dc4f2cedb) Importer(815301076,1909f56bfc062723c751e8b465ee728b)
Start importing Assets/CellObjects/ER/er_damage20020.png using Guid(635eae8d2d385534493f4c7dc4f2cedb) Importer(815301076,1909f56bfc062723c751e8b465ee728b)  -> (artifact id: '66bf378859cd87616321e32dc01af304') in 0.229716 seconds 
========================================================================
Received Import Request.
  Time since last request: 0.000069 seconds.
  path: Assets/CellObjects/ER/er_damage20025.png
  artifactKey: Guid(26e8f9abcda28c046b76c158fb19db3b) Importer(815301076,1909f56bfc062723c751e8b465ee728b)
Start importing Assets/CellObjects/ER/er_damage20025.png using Guid(26e8f9abcda28c046b76c158fb19db3b) Importer(815301076,1909f56bfc062723c751e8b465ee728b)  -> (artifact id: 'c4db765254735ff9c9595c824090a5e7') in 0.294305 seconds 
========================================================================
Received Import Request.
  Time since last request: 0.000034 seconds.
  path: Assets/CellObjects/ER/er_damage10158.png
  artifactKey: Guid(304f3c0a9d540584e9bcb21d42a03f90) Importer(815301076,1909f56bfc062723c751e8b465ee728b)
Start importing Assets/CellObjects/ER/er_damage10158.png using Guid(304f3c0a9d540584e9bcb21d42a03f90) Importer(815301076,1909f56bfc062723c751e8b465ee728b)  -> (artifact id: 'be5dff5ac57fa7cfeb1b26e56b3e7b21') in 0.294124 seconds 
========================================================================
Received Import Request.
  Time since last request: 0.000147 seconds.
  path: Assets/CellObjects/ER/er_damage20026.png
  artifactKey: Guid(34b7bcb163279f548bcf1663b226584b) Importer(815301076,1909f56bfc062723c751e8b465ee728b)
Start importing Assets/CellObjects/ER/er_damage20026.png using Guid(34b7bcb163279f548bcf1663b226584b) Importer(815301076,1909f56bfc062723c751e8b465ee728b)  -> (artifact id: '9d2f44eb2bdffb743807e32f8ea72065') in 0.208799 seconds 
========================================================================
Received Prepare
Registering precompiled user dll's ...
Registered in 0.022389 seconds.
Begin MonoManager ReloadAssembly
Native extension for WindowsStandalone target not found
Native extension for Android target not found
Native extension for WebGL target not found
Refreshing native plugins compatible for Editor in 0.84 ms, found 4 plugins.
Preloading 0 native plugins for Editor in 0.00 ms.
Mono: successfully reloaded assembly
- Completed reload, in  1.852 seconds
Domain Reload Profiling:
	ReloadAssembly (1853ms)
		BeginReloadAssembly (259ms)
			ExecutionOrderSort (0ms)
			DisableScriptedObjects (13ms)
			BackupInstance (0ms)
			ReleaseScriptingObjects (0ms)
			CreateAndSetChildDomain (58ms)
		EndReloadAssembly (1368ms)
			LoadAssemblies (209ms)
			RebuildTransferFunctionScriptingTraits (0ms)
			SetupTypeCache (344ms)
			ReleaseScriptCaches (2ms)
			RebuildScriptCaches (105ms)
			SetupLoadedEditorAssemblies (614ms)
				LogAssemblyErrors (0ms)
				InitializePlatformSupportModulesInManaged (61ms)
				SetLoadedEditorAssemblies (1ms)
				RefreshPlugins (1ms)
				BeforeProcessingInitializeOnLoad (146ms)
				ProcessInitializeOnLoadAttributes (331ms)
				ProcessInitializeOnLoadMethodAttributes (50ms)
				AfterProcessingInitializeOnLoad (26ms)
				EditorAssembliesLoaded (0ms)
			ExecutionOrderSort2 (0ms)
			AwakeInstancesAfterBackupRestoration (12ms)
Platform modules already initialized, skipping
Refreshing native plugins compatible for Editor in 8.43 ms, found 4 plugins.
Preloading 0 native plugins for Editor in 0.00 ms.
Unloading 2177 Unused Serialized files (Serialized files now loaded: 0)
Unloading 19 unused Assets / (31.9 KB). Loaded Objects now: 2799.
Memory consumption went from 202.2 MB to 202.1 MB.
Total: 7.022900 ms (FindLiveObjects: 0.363400 ms CreateObjectMapping: 0.114300 ms MarkObjects: 6.471900 ms  DeleteObjects: 0.070100 ms)

AssetImportParameters requested are different than current active one (requested -> active):
  custom:video-decoder-ogg-theora: a1e56fd34408186e4bbccfd4996cb3dc -> 
  custom:container-muxer-webm: aa71ff27fc2769a1b78a27578f13a17b -> 
  custom:container-demuxer-webm: 4f35f7cbe854078d1ac9338744f61a02 -> 
  custom:video-encoder-webm-vp8: eb34c28f22e8b96e1ab97ce403110664 -> 
  custom:video-codec-MediaFoundation-h265: 746d11721c4dcdbdad8f713fa42b33f4 -> 
  custom:audio-encoder-webm-vorbis: bf7c407c2cedff20999df2af8eb42d56 -> 
  custom:framework-win-MediaFoundation: 216162199b28c13a410421893ffa2e32 -> 
  custom:container-demuxer-ogg: 62fdf1f143b41e24485cea50d1cbac27 -> 
  custom:video-decoder-webm-vp8: 9c59270c3fd7afecdb556c50c9e8de78 -> 
  custom:audio-decoder-ogg-vorbis: bf7c407c2cedff20999df2af8eb42d56 -> 
========================================================================
Received Prepare
Registering precompiled user dll's ...
Registered in 0.019934 seconds.
Begin MonoManager ReloadAssembly
Native extension for WindowsStandalone target not found
Native extension for Android target not found
Native extension for WebGL target not found
Refreshing native plugins compatible for Editor in 0.82 ms, found 4 plugins.
Preloading 0 native plugins for Editor in 0.00 ms.
Mono: successfully reloaded assembly
- Completed reload, in  1.824 seconds
Domain Reload Profiling:
	ReloadAssembly (1825ms)
		BeginReloadAssembly (257ms)
			ExecutionOrderSort (0ms)
			DisableScriptedObjects (14ms)
			BackupInstance (0ms)
			ReleaseScriptingObjects (0ms)
			CreateAndSetChildDomain (52ms)
		EndReloadAssembly (1364ms)
			LoadAssemblies (197ms)
			RebuildTransferFunctionScriptingTraits (0ms)
			SetupTypeCache (360ms)
			ReleaseScriptCaches (2ms)
			RebuildScriptCaches (107ms)
			SetupLoadedEditorAssemblies (601ms)
				LogAssemblyErrors (0ms)
				InitializePlatformSupportModulesInManaged (60ms)
				SetLoadedEditorAssemblies (1ms)
				RefreshPlugins (1ms)
				BeforeProcessingInitializeOnLoad (130ms)
				ProcessInitializeOnLoadAttributes (321ms)
				ProcessInitializeOnLoadMethodAttributes (59ms)
				AfterProcessingInitializeOnLoad (29ms)
				EditorAssembliesLoaded (0ms)
			ExecutionOrderSort2 (0ms)
			AwakeInstancesAfterBackupRestoration (18ms)
Platform modules already initialized, skipping
Refreshing native plugins compatible for Editor in 6.04 ms, found 4 plugins.
Preloading 0 native plugins for Editor in 0.00 ms.
Unloading 2177 Unused Serialized files (Serialized files now loaded: 0)
Unloading 19 unused Assets / (31.9 KB). Loaded Objects now: 2802.
Memory consumption went from 202.2 MB to 202.2 MB.
Total: 6.070000 ms (FindLiveObjects: 0.321600 ms CreateObjectMapping: 0.087600 ms MarkObjects: 5.570000 ms  DeleteObjects: 0.087100 ms)

AssetImportParameters requested are different than current active one (requested -> active):
  custom:video-decoder-ogg-theora: a1e56fd34408186e4bbccfd4996cb3dc -> 
  custom:container-muxer-webm: aa71ff27fc2769a1b78a27578f13a17b -> 
  custom:container-demuxer-webm: 4f35f7cbe854078d1ac9338744f61a02 -> 
  custom:video-encoder-webm-vp8: eb34c28f22e8b96e1ab97ce403110664 -> 
  custom:video-codec-MediaFoundation-h265: 746d11721c4dcdbdad8f713fa42b33f4 -> 
  custom:audio-encoder-webm-vorbis: bf7c407c2cedff20999df2af8eb42d56 -> 
  custom:framework-win-MediaFoundation: 216162199b28c13a410421893ffa2e32 -> 
  custom:container-demuxer-ogg: 62fdf1f143b41e24485cea50d1cbac27 -> 
  custom:video-decoder-webm-vp8: 9c59270c3fd7afecdb556c50c9e8de78 -> 
  custom:audio-decoder-ogg-vorbis: bf7c407c2cedff20999df2af8eb42d56 -> 
========================================================================
Received Prepare
Registering precompiled user dll's ...
Registered in 0.017332 seconds.
Begin MonoManager ReloadAssembly
Native extension for WindowsStandalone target not found
Native extension for Android target not found
Native extension for WebGL target not found
Refreshing native plugins compatible for Editor in 0.81 ms, found 4 plugins.
Preloading 0 native plugins for Editor in 0.00 ms.
Mono: successfully reloaded assembly
- Completed reload, in  1.814 seconds
Domain Reload Profiling:
	ReloadAssembly (1815ms)
		BeginReloadAssembly (264ms)
			ExecutionOrderSort (0ms)
			DisableScriptedObjects (13ms)
			BackupInstance (0ms)
			ReleaseScriptingObjects (0ms)
			CreateAndSetChildDomain (56ms)
		EndReloadAssembly (1343ms)
			LoadAssemblies (220ms)
			RebuildTransferFunctionScriptingTraits (0ms)
			SetupTypeCache (344ms)
			ReleaseScriptCaches (2ms)
			RebuildScriptCaches (110ms)
			SetupLoadedEditorAssemblies (580ms)
				LogAssemblyErrors (0ms)
				InitializePlatformSupportModulesInManaged (55ms)
				SetLoadedEditorAssemblies (1ms)
				RefreshPlugins (1ms)
				BeforeProcessingInitializeOnLoad (139ms)
				ProcessInitializeOnLoadAttributes (306ms)
				ProcessInitializeOnLoadMethodAttributes (54ms)
				AfterProcessingInitializeOnLoad (25ms)
				EditorAssembliesLoaded (0ms)
			ExecutionOrderSort2 (0ms)
			AwakeInstancesAfterBackupRestoration (12ms)
Platform modules already initialized, skipping
Refreshing native plugins compatible for Editor in 7.40 ms, found 4 plugins.
Preloading 0 native plugins for Editor in 0.00 ms.
Unloading 2177 Unused Serialized files (Serialized files now loaded: 0)
Unloading 19 unused Assets / (31.9 KB). Loaded Objects now: 2805.
Memory consumption went from 202.2 MB to 202.2 MB.
Total: 4.988800 ms (FindLiveObjects: 0.354700 ms CreateObjectMapping: 0.087800 ms MarkObjects: 4.506500 ms  DeleteObjects: 0.037500 ms)

AssetImportParameters requested are different than current active one (requested -> active):
  custom:video-decoder-ogg-theora: a1e56fd34408186e4bbccfd4996cb3dc -> 
  custom:container-muxer-webm: aa71ff27fc2769a1b78a27578f13a17b -> 
  custom:container-demuxer-webm: 4f35f7cbe854078d1ac9338744f61a02 -> 
  custom:video-encoder-webm-vp8: eb34c28f22e8b96e1ab97ce403110664 -> 
  custom:video-codec-MediaFoundation-h265: 746d11721c4dcdbdad8f713fa42b33f4 -> 
  custom:audio-encoder-webm-vorbis: bf7c407c2cedff20999df2af8eb42d56 -> 
  custom:framework-win-MediaFoundation: 216162199b28c13a410421893ffa2e32 -> 
  custom:container-demuxer-ogg: 62fdf1f143b41e24485cea50d1cbac27 -> 
  custom:video-decoder-webm-vp8: 9c59270c3fd7afecdb556c50c9e8de78 -> 
  custom:audio-decoder-ogg-vorbis: bf7c407c2cedff20999df2af8eb42d56 -> 
